[3.709s] Invoking command in '/home/brains/Desktop/articubot_one/src/serial_motor_demo/serial_motor_demo': AMENT_PREFIX_PATH=/home/brains/Desktop/articubot_one/install/serial_motor_demo_msgs:${AMENT_PREFIX_PATH} CMAKE_PREFIX_PATH=/home/brains/Desktop/articubot_one/install/serial_motor_demo_msgs:${CMAKE_PREFIX_PATH} LD_LIBRARY_PATH=/home/brains/Desktop/articubot_one/install/serial_motor_demo_msgs/lib:${LD_LIBRARY_PATH} PYTHONPATH=/home/brains/Desktop/articubot_one/build/serial_motor_demo/prefix_override:/usr/lib/python3/dist-packages/colcon_core/task/python/colcon_distutils_commands:/home/brains/Desktop/articubot_one/install/serial_motor_demo/lib/python3.12/site-packages:/home/brains/Desktop/articubot_one/install/serial_motor_demo_msgs/lib/python3.12/site-packages:${PYTHONPATH} /usr/bin/python3 -W ignore:setup.py install is deprecated -W ignore:easy_install command is deprecated setup.py egg_info --egg-base ../../../build/serial_motor_demo build --build-base /home/brains/Desktop/articubot_one/build/serial_motor_demo/build install --record /home/brains/Desktop/articubot_one/build/serial_motor_demo/install.log --install-scripts $base/lib/serial_motor_demo --single-version-externally-managed install_data
[3.811s] /usr/lib/python3/dist-packages/setuptools/dist.py:744: SetuptoolsDeprecationWarning: Invalid dash-separated options
[3.811s] !!
[3.811s] 
[3.811s]         ********************************************************************************
[3.811s]         Usage of dash-separated 'script-dir' will not be supported in future
[3.811s]         versions. Please use the underscore name 'script_dir' instead.
[3.811s] 
[3.811s]         This deprecation is overdue, please update your project and remove deprecated
[3.812s]         calls to avoid build errors in the future.
[3.812s] 
[3.812s]         See https://setuptools.pypa.io/en/latest/userguide/declarative_config.html for details.
[3.812s]         ********************************************************************************
[3.812s] 
[3.812s] !!
[3.812s]   opt = self.warn_dash_deprecation(opt, section)
[3.943s] running egg_info
[3.963s] writing ../../../build/serial_motor_demo/serial_motor_demo.egg-info/PKG-INFO
[3.981s] writing dependency_links to ../../../build/serial_motor_demo/serial_motor_demo.egg-info/dependency_links.txt
[3.982s] writing entry points to ../../../build/serial_motor_demo/serial_motor_demo.egg-info/entry_points.txt
[3.982s] writing requirements to ../../../build/serial_motor_demo/serial_motor_demo.egg-info/requires.txt
[3.992s] writing top-level names to ../../../build/serial_motor_demo/serial_motor_demo.egg-info/top_level.txt
[4.033s] reading manifest file '../../../build/serial_motor_demo/serial_motor_demo.egg-info/SOURCES.txt'
[4.034s] writing manifest file '../../../build/serial_motor_demo/serial_motor_demo.egg-info/SOURCES.txt'
[4.077s] running build
[4.077s] running build_py
[4.078s] running install
[4.083s] running install_lib
[4.103s] running install_data
[4.103s] running install_egg_info
[4.122s] removing '/home/brains/Desktop/articubot_one/install/serial_motor_demo/lib/python3.12/site-packages/serial_motor_demo-0.0.0-py3.12.egg-info' (and everything under it)
[4.123s] Copying ../../../build/serial_motor_demo/serial_motor_demo.egg-info to /home/brains/Desktop/articubot_one/install/serial_motor_demo/lib/python3.12/site-packages/serial_motor_demo-0.0.0-py3.12.egg-info
[4.123s] running install_scripts
[4.265s] Installing driver script to /home/brains/Desktop/articubot_one/install/serial_motor_demo/lib/serial_motor_demo
[4.273s] Installing gui script to /home/brains/Desktop/articubot_one/install/serial_motor_demo/lib/serial_motor_demo
[4.334s] writing list of installed files to '/home/brains/Desktop/articubot_one/build/serial_motor_demo/install.log'
[4.551s] Invoked command in '/home/brains/Desktop/articubot_one/src/serial_motor_demo/serial_motor_demo' returned '0': AMENT_PREFIX_PATH=/home/brains/Desktop/articubot_one/install/serial_motor_demo_msgs:${AMENT_PREFIX_PATH} CMAKE_PREFIX_PATH=/home/brains/Desktop/articubot_one/install/serial_motor_demo_msgs:${CMAKE_PREFIX_PATH} LD_LIBRARY_PATH=/home/brains/Desktop/articubot_one/install/serial_motor_demo_msgs/lib:${LD_LIBRARY_PATH} PYTHONPATH=/home/brains/Desktop/articubot_one/build/serial_motor_demo/prefix_override:/usr/lib/python3/dist-packages/colcon_core/task/python/colcon_distutils_commands:/home/brains/Desktop/articubot_one/install/serial_motor_demo/lib/python3.12/site-packages:/home/brains/Desktop/articubot_one/install/serial_motor_demo_msgs/lib/python3.12/site-packages:${PYTHONPATH} /usr/bin/python3 -W ignore:setup.py install is deprecated -W ignore:easy_install command is deprecated setup.py egg_info --egg-base ../../../build/serial_motor_demo build --build-base /home/brains/Desktop/articubot_one/build/serial_motor_demo/build install --record /home/brains/Desktop/articubot_one/build/serial_motor_demo/install.log --install-scripts $base/lib/serial_motor_demo --single-version-externally-managed install_data
