[0.013s] Invoking command in '/home/brains/Desktop/articubot_one/build/serial_motor_demo_msgs': CMAKE_PREFIX_PATH=${CMAKE_PREFIX_PATH}:/home/brains/Desktop/articubot_one/install/serial_motor_demo:/home/brains/Desktop/articubot_one/install/articubot_one:/opt/ros/jazzy /usr/bin/cmake --build /home/brains/Desktop/articubot_one/build/serial_motor_demo_msgs -- -j12 -l12
[0.069s] [  1%] Built target serial_motor_demo_msgs__rosidl_generator_type_description
[0.081s] [  1%] Built target ament_cmake_python_copy_serial_motor_demo_msgs
[0.094s] [ 22%] Built target serial_motor_demo_msgs__rosidl_generator_c
[0.095s] [ 24%] Built target serial_motor_demo_msgs__cpp
[0.122s] [ 33%] Built target serial_motor_demo_msgs__rosidl_typesupport_introspection_c
[0.122s] [ 42%] Built target serial_motor_demo_msgs__rosidl_typesupport_fastrtps_c
[0.123s] [ 51%] Built target serial_motor_demo_msgs__rosidl_typesupport_c
[0.124s] [ 62%] Built target serial_motor_demo_msgs__rosidl_typesupport_cpp
[0.124s] [ 70%] Built target serial_motor_demo_msgs__rosidl_typesupport_fastrtps_cpp
[0.126s] [ 79%] Built target serial_motor_demo_msgs__rosidl_typesupport_introspection_cpp
[0.149s] [ 79%] Built target serial_motor_demo_msgs
[0.174s] [ 81%] Built target serial_motor_demo_msgs__py
[0.199s] [ 88%] Built target serial_motor_demo_msgs__rosidl_generator_py
[0.224s] [100%] Built target serial_motor_demo_msgs_s__rosidl_typesupport_fastrtps_c
[0.224s] [100%] Built target serial_motor_demo_msgs_s__rosidl_typesupport_c
[0.224s] [100%] Built target serial_motor_demo_msgs_s__rosidl_typesupport_introspection_c
[0.284s] running egg_info
[0.303s] writing serial_motor_demo_msgs.egg-info/PKG-INFO
[0.303s] writing dependency_links to serial_motor_demo_msgs.egg-info/dependency_links.txt
[0.303s] writing top-level names to serial_motor_demo_msgs.egg-info/top_level.txt
[0.359s] reading manifest file 'serial_motor_demo_msgs.egg-info/SOURCES.txt'
[0.360s] writing manifest file 'serial_motor_demo_msgs.egg-info/SOURCES.txt'
[0.384s] [100%] Built target ament_cmake_python_build_serial_motor_demo_msgs_egg
[0.399s] Invoked command in '/home/brains/Desktop/articubot_one/build/serial_motor_demo_msgs' returned '0': CMAKE_PREFIX_PATH=${CMAKE_PREFIX_PATH}:/home/brains/Desktop/articubot_one/install/serial_motor_demo:/home/brains/Desktop/articubot_one/install/articubot_one:/opt/ros/jazzy /usr/bin/cmake --build /home/brains/Desktop/articubot_one/build/serial_motor_demo_msgs -- -j12 -l12
[0.410s] Invoking command in '/home/brains/Desktop/articubot_one/build/serial_motor_demo_msgs': CMAKE_PREFIX_PATH=${CMAKE_PREFIX_PATH}:/home/brains/Desktop/articubot_one/install/serial_motor_demo:/home/brains/Desktop/articubot_one/install/articubot_one:/opt/ros/jazzy /usr/bin/cmake --install /home/brains/Desktop/articubot_one/build/serial_motor_demo_msgs
[0.420s] -- Install configuration: ""
[0.420s] -- Up-to-date: /home/brains/Desktop/articubot_one/install/serial_motor_demo_msgs/share/ament_index/resource_index/rosidl_interfaces/serial_motor_demo_msgs
[0.421s] -- Up-to-date: /home/brains/Desktop/articubot_one/install/serial_motor_demo_msgs/share/serial_motor_demo_msgs/msg/MotorCommand.json
[0.421s] -- Up-to-date: /home/brains/Desktop/articubot_one/install/serial_motor_demo_msgs/share/serial_motor_demo_msgs/msg/MotorVels.json
[0.421s] -- Up-to-date: /home/brains/Desktop/articubot_one/install/serial_motor_demo_msgs/share/serial_motor_demo_msgs/msg/EncoderVals.json
[0.421s] -- Up-to-date: /home/brains/Desktop/articubot_one/install/serial_motor_demo_msgs/include/serial_motor_demo_msgs/serial_motor_demo_msgs
[0.422s] -- Up-to-date: /home/brains/Desktop/articubot_one/install/serial_motor_demo_msgs/include/serial_motor_demo_msgs/serial_motor_demo_msgs/msg
[0.422s] -- Up-to-date: /home/brains/Desktop/articubot_one/install/serial_motor_demo_msgs/include/serial_motor_demo_msgs/serial_motor_demo_msgs/msg/motor_command.h
[0.422s] -- Up-to-date: /home/brains/Desktop/articubot_one/install/serial_motor_demo_msgs/include/serial_motor_demo_msgs/serial_motor_demo_msgs/msg/rosidl_generator_c__visibility_control.h
[0.422s] -- Up-to-date: /home/brains/Desktop/articubot_one/install/serial_motor_demo_msgs/include/serial_motor_demo_msgs/serial_motor_demo_msgs/msg/motor_vels.h
[0.422s] -- Up-to-date: /home/brains/Desktop/articubot_one/install/serial_motor_demo_msgs/include/serial_motor_demo_msgs/serial_motor_demo_msgs/msg/detail
[0.422s] -- Up-to-date: /home/brains/Desktop/articubot_one/install/serial_motor_demo_msgs/include/serial_motor_demo_msgs/serial_motor_demo_msgs/msg/detail/motor_vels__type_support.h
[0.423s] -- Up-to-date: /home/brains/Desktop/articubot_one/install/serial_motor_demo_msgs/include/serial_motor_demo_msgs/serial_motor_demo_msgs/msg/detail/motor_command__type_support.c
[0.423s] -- Up-to-date: /home/brains/Desktop/articubot_one/install/serial_motor_demo_msgs/include/serial_motor_demo_msgs/serial_motor_demo_msgs/msg/detail/motor_command__struct.h
[0.423s] -- Up-to-date: /home/brains/Desktop/articubot_one/install/serial_motor_demo_msgs/include/serial_motor_demo_msgs/serial_motor_demo_msgs/msg/detail/motor_vels__description.c
[0.423s] -- Up-to-date: /home/brains/Desktop/articubot_one/install/serial_motor_demo_msgs/include/serial_motor_demo_msgs/serial_motor_demo_msgs/msg/detail/encoder_vals__type_support.h
[0.424s] -- Up-to-date: /home/brains/Desktop/articubot_one/install/serial_motor_demo_msgs/include/serial_motor_demo_msgs/serial_motor_demo_msgs/msg/detail/motor_vels__struct.h
[0.424s] -- Up-to-date: /home/brains/Desktop/articubot_one/install/serial_motor_demo_msgs/include/serial_motor_demo_msgs/serial_motor_demo_msgs/msg/detail/motor_vels__type_support.c
[0.424s] -- Up-to-date: /home/brains/Desktop/articubot_one/install/serial_motor_demo_msgs/include/serial_motor_demo_msgs/serial_motor_demo_msgs/msg/detail/motor_command__functions.h
[0.424s] -- Up-to-date: /home/brains/Desktop/articubot_one/install/serial_motor_demo_msgs/include/serial_motor_demo_msgs/serial_motor_demo_msgs/msg/detail/encoder_vals__functions.c
[0.424s] -- Up-to-date: /home/brains/Desktop/articubot_one/install/serial_motor_demo_msgs/include/serial_motor_demo_msgs/serial_motor_demo_msgs/msg/detail/encoder_vals__functions.h
[0.424s] -- Up-to-date: /home/brains/Desktop/articubot_one/install/serial_motor_demo_msgs/include/serial_motor_demo_msgs/serial_motor_demo_msgs/msg/detail/motor_vels__functions.h
[0.425s] -- Up-to-date: /home/brains/Desktop/articubot_one/install/serial_motor_demo_msgs/include/serial_motor_demo_msgs/serial_motor_demo_msgs/msg/detail/encoder_vals__description.c
[0.425s] -- Up-to-date: /home/brains/Desktop/articubot_one/install/serial_motor_demo_msgs/include/serial_motor_demo_msgs/serial_motor_demo_msgs/msg/detail/motor_command__functions.c
[0.425s] -- Up-to-date: /home/brains/Desktop/articubot_one/install/serial_motor_demo_msgs/include/serial_motor_demo_msgs/serial_motor_demo_msgs/msg/detail/encoder_vals__struct.h
[0.425s] -- Up-to-date: /home/brains/Desktop/articubot_one/install/serial_motor_demo_msgs/include/serial_motor_demo_msgs/serial_motor_demo_msgs/msg/detail/motor_vels__functions.c
[0.425s] -- Up-to-date: /home/brains/Desktop/articubot_one/install/serial_motor_demo_msgs/include/serial_motor_demo_msgs/serial_motor_demo_msgs/msg/detail/motor_command__description.c
[0.426s] -- Up-to-date: /home/brains/Desktop/articubot_one/install/serial_motor_demo_msgs/include/serial_motor_demo_msgs/serial_motor_demo_msgs/msg/detail/motor_command__type_support.h
[0.426s] -- Up-to-date: /home/brains/Desktop/articubot_one/install/serial_motor_demo_msgs/include/serial_motor_demo_msgs/serial_motor_demo_msgs/msg/detail/encoder_vals__type_support.c
[0.426s] -- Up-to-date: /home/brains/Desktop/articubot_one/install/serial_motor_demo_msgs/include/serial_motor_demo_msgs/serial_motor_demo_msgs/msg/encoder_vals.h
[0.426s] -- Up-to-date: /home/brains/Desktop/articubot_one/install/serial_motor_demo_msgs/share/serial_motor_demo_msgs/environment/library_path.sh
[0.426s] -- Up-to-date: /home/brains/Desktop/articubot_one/install/serial_motor_demo_msgs/share/serial_motor_demo_msgs/environment/library_path.dsv
[0.426s] -- Up-to-date: /home/brains/Desktop/articubot_one/install/serial_motor_demo_msgs/lib/libserial_motor_demo_msgs__rosidl_generator_c.so
[0.427s] -- Up-to-date: /home/brains/Desktop/articubot_one/install/serial_motor_demo_msgs/include/serial_motor_demo_msgs/serial_motor_demo_msgs
[0.427s] -- Up-to-date: /home/brains/Desktop/articubot_one/install/serial_motor_demo_msgs/include/serial_motor_demo_msgs/serial_motor_demo_msgs/msg
[0.427s] -- Up-to-date: /home/brains/Desktop/articubot_one/install/serial_motor_demo_msgs/include/serial_motor_demo_msgs/serial_motor_demo_msgs/msg/rosidl_typesupport_fastrtps_c__visibility_control.h
[0.427s] -- Up-to-date: /home/brains/Desktop/articubot_one/install/serial_motor_demo_msgs/include/serial_motor_demo_msgs/serial_motor_demo_msgs/msg/detail
[0.427s] -- Up-to-date: /home/brains/Desktop/articubot_one/install/serial_motor_demo_msgs/include/serial_motor_demo_msgs/serial_motor_demo_msgs/msg/detail/motor_command__rosidl_typesupport_fastrtps_c.h
[0.427s] -- Up-to-date: /home/brains/Desktop/articubot_one/install/serial_motor_demo_msgs/include/serial_motor_demo_msgs/serial_motor_demo_msgs/msg/detail/motor_vels__rosidl_typesupport_fastrtps_c.h
[0.427s] -- Up-to-date: /home/brains/Desktop/articubot_one/install/serial_motor_demo_msgs/include/serial_motor_demo_msgs/serial_motor_demo_msgs/msg/detail/encoder_vals__rosidl_typesupport_fastrtps_c.h
[0.427s] -- Up-to-date: /home/brains/Desktop/articubot_one/install/serial_motor_demo_msgs/lib/libserial_motor_demo_msgs__rosidl_typesupport_fastrtps_c.so
[0.428s] -- Up-to-date: /home/brains/Desktop/articubot_one/install/serial_motor_demo_msgs/include/serial_motor_demo_msgs/serial_motor_demo_msgs
[0.428s] -- Up-to-date: /home/brains/Desktop/articubot_one/install/serial_motor_demo_msgs/include/serial_motor_demo_msgs/serial_motor_demo_msgs/msg
[0.428s] -- Up-to-date: /home/brains/Desktop/articubot_one/install/serial_motor_demo_msgs/include/serial_motor_demo_msgs/serial_motor_demo_msgs/msg/detail
[0.428s] -- Up-to-date: /home/brains/Desktop/articubot_one/install/serial_motor_demo_msgs/include/serial_motor_demo_msgs/serial_motor_demo_msgs/msg/detail/motor_command__type_support.c
[0.428s] -- Up-to-date: /home/brains/Desktop/articubot_one/install/serial_motor_demo_msgs/include/serial_motor_demo_msgs/serial_motor_demo_msgs/msg/detail/motor_command__rosidl_typesupport_introspection_c.h
[0.428s] -- Up-to-date: /home/brains/Desktop/articubot_one/install/serial_motor_demo_msgs/include/serial_motor_demo_msgs/serial_motor_demo_msgs/msg/detail/motor_vels__type_support.c
[0.429s] -- Up-to-date: /home/brains/Desktop/articubot_one/install/serial_motor_demo_msgs/include/serial_motor_demo_msgs/serial_motor_demo_msgs/msg/detail/encoder_vals__rosidl_typesupport_introspection_c.h
[0.429s] -- Up-to-date: /home/brains/Desktop/articubot_one/install/serial_motor_demo_msgs/include/serial_motor_demo_msgs/serial_motor_demo_msgs/msg/detail/motor_vels__rosidl_typesupport_introspection_c.h
[0.429s] -- Up-to-date: /home/brains/Desktop/articubot_one/install/serial_motor_demo_msgs/include/serial_motor_demo_msgs/serial_motor_demo_msgs/msg/detail/encoder_vals__type_support.c
[0.429s] -- Up-to-date: /home/brains/Desktop/articubot_one/install/serial_motor_demo_msgs/include/serial_motor_demo_msgs/serial_motor_demo_msgs/msg/rosidl_typesupport_introspection_c__visibility_control.h
[0.429s] -- Up-to-date: /home/brains/Desktop/articubot_one/install/serial_motor_demo_msgs/lib/libserial_motor_demo_msgs__rosidl_typesupport_introspection_c.so
[0.429s] -- Up-to-date: /home/brains/Desktop/articubot_one/install/serial_motor_demo_msgs/lib/libserial_motor_demo_msgs__rosidl_typesupport_c.so
[0.429s] -- Up-to-date: /home/brains/Desktop/articubot_one/install/serial_motor_demo_msgs/include/serial_motor_demo_msgs/serial_motor_demo_msgs
[0.429s] -- Up-to-date: /home/brains/Desktop/articubot_one/install/serial_motor_demo_msgs/include/serial_motor_demo_msgs/serial_motor_demo_msgs/msg
[0.430s] -- Up-to-date: /home/brains/Desktop/articubot_one/install/serial_motor_demo_msgs/include/serial_motor_demo_msgs/serial_motor_demo_msgs/msg/motor_vels.hpp
[0.430s] -- Up-to-date: /home/brains/Desktop/articubot_one/install/serial_motor_demo_msgs/include/serial_motor_demo_msgs/serial_motor_demo_msgs/msg/rosidl_generator_cpp__visibility_control.hpp
[0.430s] -- Up-to-date: /home/brains/Desktop/articubot_one/install/serial_motor_demo_msgs/include/serial_motor_demo_msgs/serial_motor_demo_msgs/msg/motor_command.hpp
[0.430s] -- Up-to-date: /home/brains/Desktop/articubot_one/install/serial_motor_demo_msgs/include/serial_motor_demo_msgs/serial_motor_demo_msgs/msg/detail
[0.430s] -- Up-to-date: /home/brains/Desktop/articubot_one/install/serial_motor_demo_msgs/include/serial_motor_demo_msgs/serial_motor_demo_msgs/msg/detail/encoder_vals__type_support.hpp
[0.430s] -- Up-to-date: /home/brains/Desktop/articubot_one/install/serial_motor_demo_msgs/include/serial_motor_demo_msgs/serial_motor_demo_msgs/msg/detail/motor_vels__struct.hpp
[0.430s] -- Up-to-date: /home/brains/Desktop/articubot_one/install/serial_motor_demo_msgs/include/serial_motor_demo_msgs/serial_motor_demo_msgs/msg/detail/encoder_vals__traits.hpp
[0.431s] -- Up-to-date: /home/brains/Desktop/articubot_one/install/serial_motor_demo_msgs/include/serial_motor_demo_msgs/serial_motor_demo_msgs/msg/detail/motor_vels__traits.hpp
[0.431s] -- Up-to-date: /home/brains/Desktop/articubot_one/install/serial_motor_demo_msgs/include/serial_motor_demo_msgs/serial_motor_demo_msgs/msg/detail/motor_command__struct.hpp
[0.431s] -- Up-to-date: /home/brains/Desktop/articubot_one/install/serial_motor_demo_msgs/include/serial_motor_demo_msgs/serial_motor_demo_msgs/msg/detail/motor_command__builder.hpp
[0.431s] -- Up-to-date: /home/brains/Desktop/articubot_one/install/serial_motor_demo_msgs/include/serial_motor_demo_msgs/serial_motor_demo_msgs/msg/detail/motor_command__type_support.hpp
[0.431s] -- Up-to-date: /home/brains/Desktop/articubot_one/install/serial_motor_demo_msgs/include/serial_motor_demo_msgs/serial_motor_demo_msgs/msg/detail/motor_vels__builder.hpp
[0.431s] -- Up-to-date: /home/brains/Desktop/articubot_one/install/serial_motor_demo_msgs/include/serial_motor_demo_msgs/serial_motor_demo_msgs/msg/detail/motor_command__traits.hpp
[0.431s] -- Up-to-date: /home/brains/Desktop/articubot_one/install/serial_motor_demo_msgs/include/serial_motor_demo_msgs/serial_motor_demo_msgs/msg/detail/encoder_vals__builder.hpp
[0.432s] -- Up-to-date: /home/brains/Desktop/articubot_one/install/serial_motor_demo_msgs/include/serial_motor_demo_msgs/serial_motor_demo_msgs/msg/detail/encoder_vals__struct.hpp
[0.432s] -- Up-to-date: /home/brains/Desktop/articubot_one/install/serial_motor_demo_msgs/include/serial_motor_demo_msgs/serial_motor_demo_msgs/msg/detail/motor_vels__type_support.hpp
[0.432s] -- Up-to-date: /home/brains/Desktop/articubot_one/install/serial_motor_demo_msgs/include/serial_motor_demo_msgs/serial_motor_demo_msgs/msg/encoder_vals.hpp
[0.432s] -- Up-to-date: /home/brains/Desktop/articubot_one/install/serial_motor_demo_msgs/include/serial_motor_demo_msgs/serial_motor_demo_msgs
[0.432s] -- Up-to-date: /home/brains/Desktop/articubot_one/install/serial_motor_demo_msgs/include/serial_motor_demo_msgs/serial_motor_demo_msgs/msg
[0.432s] -- Up-to-date: /home/brains/Desktop/articubot_one/install/serial_motor_demo_msgs/include/serial_motor_demo_msgs/serial_motor_demo_msgs/msg/detail
[0.432s] -- Up-to-date: /home/brains/Desktop/articubot_one/install/serial_motor_demo_msgs/include/serial_motor_demo_msgs/serial_motor_demo_msgs/msg/detail/encoder_vals__rosidl_typesupport_fastrtps_cpp.hpp
[0.433s] -- Up-to-date: /home/brains/Desktop/articubot_one/install/serial_motor_demo_msgs/include/serial_motor_demo_msgs/serial_motor_demo_msgs/msg/detail/motor_command__rosidl_typesupport_fastrtps_cpp.hpp
[0.433s] -- Up-to-date: /home/brains/Desktop/articubot_one/install/serial_motor_demo_msgs/include/serial_motor_demo_msgs/serial_motor_demo_msgs/msg/detail/motor_vels__rosidl_typesupport_fastrtps_cpp.hpp
[0.433s] -- Up-to-date: /home/brains/Desktop/articubot_one/install/serial_motor_demo_msgs/include/serial_motor_demo_msgs/serial_motor_demo_msgs/msg/detail/dds_fastrtps
[0.433s] -- Up-to-date: /home/brains/Desktop/articubot_one/install/serial_motor_demo_msgs/include/serial_motor_demo_msgs/serial_motor_demo_msgs/msg/rosidl_typesupport_fastrtps_cpp__visibility_control.h
[0.433s] -- Up-to-date: /home/brains/Desktop/articubot_one/install/serial_motor_demo_msgs/lib/libserial_motor_demo_msgs__rosidl_typesupport_fastrtps_cpp.so
[0.433s] -- Up-to-date: /home/brains/Desktop/articubot_one/install/serial_motor_demo_msgs/include/serial_motor_demo_msgs/serial_motor_demo_msgs
[0.433s] -- Up-to-date: /home/brains/Desktop/articubot_one/install/serial_motor_demo_msgs/include/serial_motor_demo_msgs/serial_motor_demo_msgs/msg
[0.433s] -- Up-to-date: /home/brains/Desktop/articubot_one/install/serial_motor_demo_msgs/include/serial_motor_demo_msgs/serial_motor_demo_msgs/msg/detail
[0.434s] -- Up-to-date: /home/brains/Desktop/articubot_one/install/serial_motor_demo_msgs/include/serial_motor_demo_msgs/serial_motor_demo_msgs/msg/detail/motor_command__rosidl_typesupport_introspection_cpp.hpp
[0.434s] -- Up-to-date: /home/brains/Desktop/articubot_one/install/serial_motor_demo_msgs/include/serial_motor_demo_msgs/serial_motor_demo_msgs/msg/detail/encoder_vals__type_support.cpp
[0.434s] -- Up-to-date: /home/brains/Desktop/articubot_one/install/serial_motor_demo_msgs/include/serial_motor_demo_msgs/serial_motor_demo_msgs/msg/detail/motor_command__type_support.cpp
[0.434s] -- Up-to-date: /home/brains/Desktop/articubot_one/install/serial_motor_demo_msgs/include/serial_motor_demo_msgs/serial_motor_demo_msgs/msg/detail/motor_vels__rosidl_typesupport_introspection_cpp.hpp
[0.434s] -- Up-to-date: /home/brains/Desktop/articubot_one/install/serial_motor_demo_msgs/include/serial_motor_demo_msgs/serial_motor_demo_msgs/msg/detail/encoder_vals__rosidl_typesupport_introspection_cpp.hpp
[0.434s] -- Up-to-date: /home/brains/Desktop/articubot_one/install/serial_motor_demo_msgs/include/serial_motor_demo_msgs/serial_motor_demo_msgs/msg/detail/motor_vels__type_support.cpp
[0.434s] -- Up-to-date: /home/brains/Desktop/articubot_one/install/serial_motor_demo_msgs/lib/libserial_motor_demo_msgs__rosidl_typesupport_introspection_cpp.so
[0.435s] -- Up-to-date: /home/brains/Desktop/articubot_one/install/serial_motor_demo_msgs/lib/libserial_motor_demo_msgs__rosidl_typesupport_cpp.so
[0.435s] -- Up-to-date: /home/brains/Desktop/articubot_one/install/serial_motor_demo_msgs/share/serial_motor_demo_msgs/environment/pythonpath.sh
[0.435s] -- Up-to-date: /home/brains/Desktop/articubot_one/install/serial_motor_demo_msgs/share/serial_motor_demo_msgs/environment/pythonpath.dsv
[0.435s] -- Up-to-date: /home/brains/Desktop/articubot_one/install/serial_motor_demo_msgs/lib/python3.12/site-packages/serial_motor_demo_msgs-0.0.0-py3.12.egg-info
[0.435s] -- Installing: /home/brains/Desktop/articubot_one/install/serial_motor_demo_msgs/lib/python3.12/site-packages/serial_motor_demo_msgs-0.0.0-py3.12.egg-info/dependency_links.txt
[0.435s] -- Installing: /home/brains/Desktop/articubot_one/install/serial_motor_demo_msgs/lib/python3.12/site-packages/serial_motor_demo_msgs-0.0.0-py3.12.egg-info/SOURCES.txt
[0.435s] -- Installing: /home/brains/Desktop/articubot_one/install/serial_motor_demo_msgs/lib/python3.12/site-packages/serial_motor_demo_msgs-0.0.0-py3.12.egg-info/top_level.txt
[0.436s] -- Installing: /home/brains/Desktop/articubot_one/install/serial_motor_demo_msgs/lib/python3.12/site-packages/serial_motor_demo_msgs-0.0.0-py3.12.egg-info/PKG-INFO
[0.436s] -- Up-to-date: /home/brains/Desktop/articubot_one/install/serial_motor_demo_msgs/lib/python3.12/site-packages/serial_motor_demo_msgs
[0.436s] -- Up-to-date: /home/brains/Desktop/articubot_one/install/serial_motor_demo_msgs/lib/python3.12/site-packages/serial_motor_demo_msgs/__init__.py
[0.436s] -- Up-to-date: /home/brains/Desktop/articubot_one/install/serial_motor_demo_msgs/lib/python3.12/site-packages/serial_motor_demo_msgs/serial_motor_demo_msgs_s__rosidl_typesupport_introspection_c.so
[0.436s] -- Up-to-date: /home/brains/Desktop/articubot_one/install/serial_motor_demo_msgs/lib/python3.12/site-packages/serial_motor_demo_msgs/_serial_motor_demo_msgs_s.ep.rosidl_typesupport_introspection_c.c
[0.436s] -- Up-to-date: /home/brains/Desktop/articubot_one/install/serial_motor_demo_msgs/lib/python3.12/site-packages/serial_motor_demo_msgs/_serial_motor_demo_msgs_s.ep.rosidl_typesupport_c.c
[0.436s] -- Up-to-date: /home/brains/Desktop/articubot_one/install/serial_motor_demo_msgs/lib/python3.12/site-packages/serial_motor_demo_msgs/_serial_motor_demo_msgs_s.ep.rosidl_typesupport_fastrtps_c.c
[0.436s] -- Up-to-date: /home/brains/Desktop/articubot_one/install/serial_motor_demo_msgs/lib/python3.12/site-packages/serial_motor_demo_msgs/serial_motor_demo_msgs_s__rosidl_typesupport_fastrtps_c.so
[0.437s] -- Up-to-date: /home/brains/Desktop/articubot_one/install/serial_motor_demo_msgs/lib/python3.12/site-packages/serial_motor_demo_msgs/serial_motor_demo_msgs_s__rosidl_typesupport_c.so
[0.437s] -- Up-to-date: /home/brains/Desktop/articubot_one/install/serial_motor_demo_msgs/lib/python3.12/site-packages/serial_motor_demo_msgs/msg
[0.437s] -- Up-to-date: /home/brains/Desktop/articubot_one/install/serial_motor_demo_msgs/lib/python3.12/site-packages/serial_motor_demo_msgs/msg/__init__.py
[0.437s] -- Up-to-date: /home/brains/Desktop/articubot_one/install/serial_motor_demo_msgs/lib/python3.12/site-packages/serial_motor_demo_msgs/msg/_motor_command.py
[0.437s] -- Up-to-date: /home/brains/Desktop/articubot_one/install/serial_motor_demo_msgs/lib/python3.12/site-packages/serial_motor_demo_msgs/msg/_encoder_vals.py
[0.437s] -- Up-to-date: /home/brains/Desktop/articubot_one/install/serial_motor_demo_msgs/lib/python3.12/site-packages/serial_motor_demo_msgs/msg/_encoder_vals_s.c
[0.437s] -- Up-to-date: /home/brains/Desktop/articubot_one/install/serial_motor_demo_msgs/lib/python3.12/site-packages/serial_motor_demo_msgs/msg/_motor_vels_s.c
[0.437s] -- Up-to-date: /home/brains/Desktop/articubot_one/install/serial_motor_demo_msgs/lib/python3.12/site-packages/serial_motor_demo_msgs/msg/_motor_vels.py
[0.437s] -- Up-to-date: /home/brains/Desktop/articubot_one/install/serial_motor_demo_msgs/lib/python3.12/site-packages/serial_motor_demo_msgs/msg/_motor_command_s.c
[0.455s] Listing '/home/brains/Desktop/articubot_one/install/serial_motor_demo_msgs/lib/python3.12/site-packages/serial_motor_demo_msgs'...
[0.456s] Listing '/home/brains/Desktop/articubot_one/install/serial_motor_demo_msgs/lib/python3.12/site-packages/serial_motor_demo_msgs/msg'...
[0.460s] -- Up-to-date: /home/brains/Desktop/articubot_one/install/serial_motor_demo_msgs/lib/python3.12/site-packages/serial_motor_demo_msgs/serial_motor_demo_msgs_s__rosidl_typesupport_fastrtps_c.so
[0.460s] -- Up-to-date: /home/brains/Desktop/articubot_one/install/serial_motor_demo_msgs/lib/python3.12/site-packages/serial_motor_demo_msgs/serial_motor_demo_msgs_s__rosidl_typesupport_introspection_c.so
[0.461s] -- Up-to-date: /home/brains/Desktop/articubot_one/install/serial_motor_demo_msgs/lib/python3.12/site-packages/serial_motor_demo_msgs/serial_motor_demo_msgs_s__rosidl_typesupport_c.so
[0.461s] -- Up-to-date: /home/brains/Desktop/articubot_one/install/serial_motor_demo_msgs/lib/libserial_motor_demo_msgs__rosidl_generator_py.so
[0.462s] -- Up-to-date: /home/brains/Desktop/articubot_one/install/serial_motor_demo_msgs/share/serial_motor_demo_msgs/msg/MotorCommand.idl
[0.462s] -- Up-to-date: /home/brains/Desktop/articubot_one/install/serial_motor_demo_msgs/share/serial_motor_demo_msgs/msg/MotorVels.idl
[0.462s] -- Up-to-date: /home/brains/Desktop/articubot_one/install/serial_motor_demo_msgs/share/serial_motor_demo_msgs/msg/EncoderVals.idl
[0.462s] -- Up-to-date: /home/brains/Desktop/articubot_one/install/serial_motor_demo_msgs/share/serial_motor_demo_msgs/msg/MotorCommand.msg
[0.462s] -- Up-to-date: /home/brains/Desktop/articubot_one/install/serial_motor_demo_msgs/share/serial_motor_demo_msgs/msg/MotorVels.msg
[0.462s] -- Up-to-date: /home/brains/Desktop/articubot_one/install/serial_motor_demo_msgs/share/serial_motor_demo_msgs/msg/EncoderVals.msg
[0.462s] -- Up-to-date: /home/brains/Desktop/articubot_one/install/serial_motor_demo_msgs/share/ament_index/resource_index/package_run_dependencies/serial_motor_demo_msgs
[0.463s] -- Up-to-date: /home/brains/Desktop/articubot_one/install/serial_motor_demo_msgs/share/ament_index/resource_index/parent_prefix_path/serial_motor_demo_msgs
[0.463s] -- Up-to-date: /home/brains/Desktop/articubot_one/install/serial_motor_demo_msgs/share/serial_motor_demo_msgs/environment/ament_prefix_path.sh
[0.463s] -- Up-to-date: /home/brains/Desktop/articubot_one/install/serial_motor_demo_msgs/share/serial_motor_demo_msgs/environment/ament_prefix_path.dsv
[0.463s] -- Up-to-date: /home/brains/Desktop/articubot_one/install/serial_motor_demo_msgs/share/serial_motor_demo_msgs/environment/path.sh
[0.463s] -- Up-to-date: /home/brains/Desktop/articubot_one/install/serial_motor_demo_msgs/share/serial_motor_demo_msgs/environment/path.dsv
[0.463s] -- Up-to-date: /home/brains/Desktop/articubot_one/install/serial_motor_demo_msgs/share/serial_motor_demo_msgs/local_setup.bash
[0.463s] -- Up-to-date: /home/brains/Desktop/articubot_one/install/serial_motor_demo_msgs/share/serial_motor_demo_msgs/local_setup.sh
[0.464s] -- Up-to-date: /home/brains/Desktop/articubot_one/install/serial_motor_demo_msgs/share/serial_motor_demo_msgs/local_setup.zsh
[0.464s] -- Up-to-date: /home/brains/Desktop/articubot_one/install/serial_motor_demo_msgs/share/serial_motor_demo_msgs/local_setup.dsv
[0.464s] -- Installing: /home/brains/Desktop/articubot_one/install/serial_motor_demo_msgs/share/serial_motor_demo_msgs/package.dsv
[0.464s] -- Up-to-date: /home/brains/Desktop/articubot_one/install/serial_motor_demo_msgs/share/ament_index/resource_index/packages/serial_motor_demo_msgs
[0.464s] -- Up-to-date: /home/brains/Desktop/articubot_one/install/serial_motor_demo_msgs/share/serial_motor_demo_msgs/cmake/export_serial_motor_demo_msgs__rosidl_generator_cExport.cmake
[0.464s] -- Up-to-date: /home/brains/Desktop/articubot_one/install/serial_motor_demo_msgs/share/serial_motor_demo_msgs/cmake/export_serial_motor_demo_msgs__rosidl_generator_cExport-noconfig.cmake
[0.464s] -- Up-to-date: /home/brains/Desktop/articubot_one/install/serial_motor_demo_msgs/share/serial_motor_demo_msgs/cmake/export_serial_motor_demo_msgs__rosidl_typesupport_fastrtps_cExport.cmake
[0.464s] -- Up-to-date: /home/brains/Desktop/articubot_one/install/serial_motor_demo_msgs/share/serial_motor_demo_msgs/cmake/export_serial_motor_demo_msgs__rosidl_typesupport_fastrtps_cExport-noconfig.cmake
[0.464s] -- Up-to-date: /home/brains/Desktop/articubot_one/install/serial_motor_demo_msgs/share/serial_motor_demo_msgs/cmake/serial_motor_demo_msgs__rosidl_typesupport_introspection_cExport.cmake
[0.465s] -- Up-to-date: /home/brains/Desktop/articubot_one/install/serial_motor_demo_msgs/share/serial_motor_demo_msgs/cmake/serial_motor_demo_msgs__rosidl_typesupport_introspection_cExport-noconfig.cmake
[0.465s] -- Up-to-date: /home/brains/Desktop/articubot_one/install/serial_motor_demo_msgs/share/serial_motor_demo_msgs/cmake/serial_motor_demo_msgs__rosidl_typesupport_cExport.cmake
[0.465s] -- Up-to-date: /home/brains/Desktop/articubot_one/install/serial_motor_demo_msgs/share/serial_motor_demo_msgs/cmake/serial_motor_demo_msgs__rosidl_typesupport_cExport-noconfig.cmake
[0.465s] -- Up-to-date: /home/brains/Desktop/articubot_one/install/serial_motor_demo_msgs/share/serial_motor_demo_msgs/cmake/export_serial_motor_demo_msgs__rosidl_generator_cppExport.cmake
[0.465s] -- Up-to-date: /home/brains/Desktop/articubot_one/install/serial_motor_demo_msgs/share/serial_motor_demo_msgs/cmake/export_serial_motor_demo_msgs__rosidl_typesupport_fastrtps_cppExport.cmake
[0.465s] -- Up-to-date: /home/brains/Desktop/articubot_one/install/serial_motor_demo_msgs/share/serial_motor_demo_msgs/cmake/export_serial_motor_demo_msgs__rosidl_typesupport_fastrtps_cppExport-noconfig.cmake
[0.465s] -- Up-to-date: /home/brains/Desktop/articubot_one/install/serial_motor_demo_msgs/share/serial_motor_demo_msgs/cmake/serial_motor_demo_msgs__rosidl_typesupport_introspection_cppExport.cmake
[0.465s] -- Up-to-date: /home/brains/Desktop/articubot_one/install/serial_motor_demo_msgs/share/serial_motor_demo_msgs/cmake/serial_motor_demo_msgs__rosidl_typesupport_introspection_cppExport-noconfig.cmake
[0.465s] -- Up-to-date: /home/brains/Desktop/articubot_one/install/serial_motor_demo_msgs/share/serial_motor_demo_msgs/cmake/serial_motor_demo_msgs__rosidl_typesupport_cppExport.cmake
[0.465s] -- Up-to-date: /home/brains/Desktop/articubot_one/install/serial_motor_demo_msgs/share/serial_motor_demo_msgs/cmake/serial_motor_demo_msgs__rosidl_typesupport_cppExport-noconfig.cmake
[0.466s] -- Up-to-date: /home/brains/Desktop/articubot_one/install/serial_motor_demo_msgs/share/serial_motor_demo_msgs/cmake/export_serial_motor_demo_msgs__rosidl_generator_pyExport.cmake
[0.466s] -- Up-to-date: /home/brains/Desktop/articubot_one/install/serial_motor_demo_msgs/share/serial_motor_demo_msgs/cmake/export_serial_motor_demo_msgs__rosidl_generator_pyExport-noconfig.cmake
[0.466s] -- Up-to-date: /home/brains/Desktop/articubot_one/install/serial_motor_demo_msgs/share/serial_motor_demo_msgs/cmake/rosidl_cmake-extras.cmake
[0.466s] -- Up-to-date: /home/brains/Desktop/articubot_one/install/serial_motor_demo_msgs/share/serial_motor_demo_msgs/cmake/ament_cmake_export_include_directories-extras.cmake
[0.466s] -- Up-to-date: /home/brains/Desktop/articubot_one/install/serial_motor_demo_msgs/share/serial_motor_demo_msgs/cmake/ament_cmake_export_libraries-extras.cmake
[0.466s] -- Up-to-date: /home/brains/Desktop/articubot_one/install/serial_motor_demo_msgs/share/serial_motor_demo_msgs/cmake/ament_cmake_export_targets-extras.cmake
[0.466s] -- Up-to-date: /home/brains/Desktop/articubot_one/install/serial_motor_demo_msgs/share/serial_motor_demo_msgs/cmake/rosidl_cmake_export_typesupport_targets-extras.cmake
[0.466s] -- Up-to-date: /home/brains/Desktop/articubot_one/install/serial_motor_demo_msgs/share/serial_motor_demo_msgs/cmake/ament_cmake_export_dependencies-extras.cmake
[0.466s] -- Up-to-date: /home/brains/Desktop/articubot_one/install/serial_motor_demo_msgs/share/serial_motor_demo_msgs/cmake/rosidl_cmake_export_typesupport_libraries-extras.cmake
[0.467s] -- Up-to-date: /home/brains/Desktop/articubot_one/install/serial_motor_demo_msgs/share/serial_motor_demo_msgs/cmake/serial_motor_demo_msgsConfig.cmake
[0.467s] -- Up-to-date: /home/brains/Desktop/articubot_one/install/serial_motor_demo_msgs/share/serial_motor_demo_msgs/cmake/serial_motor_demo_msgsConfig-version.cmake
[0.467s] -- Up-to-date: /home/brains/Desktop/articubot_one/install/serial_motor_demo_msgs/share/serial_motor_demo_msgs/package.xml
[0.468s] Invoked command in '/home/brains/Desktop/articubot_one/build/serial_motor_demo_msgs' returned '0': CMAKE_PREFIX_PATH=${CMAKE_PREFIX_PATH}:/home/brains/Desktop/articubot_one/install/serial_motor_demo:/home/brains/Desktop/articubot_one/install/articubot_one:/opt/ros/jazzy /usr/bin/cmake --install /home/brains/Desktop/articubot_one/build/serial_motor_demo_msgs
