[2.311s] Invoking command in '/home/brains/Desktop/articubot_one/src/serial_motor_demo/serial_motor_demo': AMENT_PREFIX_PATH=/home/brains/Desktop/articubot_one/install/serial_motor_demo_msgs:${AMENT_PREFIX_PATH} CMAKE_PREFIX_PATH=/home/brains/Desktop/articubot_one/install/serial_motor_demo_msgs:${CMAKE_PREFIX_PATH} LD_LIBRARY_PATH=/home/brains/Desktop/articubot_one/install/serial_motor_demo_msgs/lib:${LD_LIBRARY_PATH} PYTHONPATH=/home/brains/Desktop/articubot_one/build/serial_motor_demo/prefix_override:/usr/lib/python3/dist-packages/colcon_core/task/python/colcon_distutils_commands:/home/brains/Desktop/articubot_one/install/serial_motor_demo/lib/python3.12/site-packages:/home/brains/Desktop/articubot_one/install/serial_motor_demo_msgs/lib/python3.12/site-packages:${PYTHONPATH} /usr/bin/python3 -W ignore:setup.py install is deprecated -W ignore:easy_install command is deprecated setup.py egg_info --egg-base ../../../build/serial_motor_demo build --build-base /home/brains/Desktop/articubot_one/build/serial_motor_demo/build install --record /home/brains/Desktop/articubot_one/build/serial_motor_demo/install.log --install-scripts $base/lib/serial_motor_demo --single-version-externally-managed install_data
[2.425s] /usr/lib/python3/dist-packages/setuptools/dist.py:744: SetuptoolsDeprecationWarning: Invalid dash-separated options
[2.425s] !!
[2.425s] 
[2.425s]         ********************************************************************************
[2.426s]         Usage of dash-separated 'script-dir' will not be supported in future
[2.426s]         versions. Please use the underscore name 'script_dir' instead.
[2.426s] 
[2.426s]         This deprecation is overdue, please update your project and remove deprecated
[2.426s]         calls to avoid build errors in the future.
[2.426s] 
[2.426s]         See https://setuptools.pypa.io/en/latest/userguide/declarative_config.html for details.
[2.426s]         ********************************************************************************
[2.426s] 
[2.426s] !!
[2.426s]   opt = self.warn_dash_deprecation(opt, section)
[2.566s] running egg_info
[2.586s] writing ../../../build/serial_motor_demo/serial_motor_demo.egg-info/PKG-INFO
[2.586s] writing dependency_links to ../../../build/serial_motor_demo/serial_motor_demo.egg-info/dependency_links.txt
[2.586s] writing entry points to ../../../build/serial_motor_demo/serial_motor_demo.egg-info/entry_points.txt
[2.586s] writing requirements to ../../../build/serial_motor_demo/serial_motor_demo.egg-info/requires.txt
[2.587s] writing top-level names to ../../../build/serial_motor_demo/serial_motor_demo.egg-info/top_level.txt
[2.627s] reading manifest file '../../../build/serial_motor_demo/serial_motor_demo.egg-info/SOURCES.txt'
[2.628s] writing manifest file '../../../build/serial_motor_demo/serial_motor_demo.egg-info/SOURCES.txt'
[2.629s] running build
[2.629s] running build_py
[2.629s] running install
[2.635s] running install_lib
[2.660s] running install_data
[2.660s] running install_egg_info
[2.684s] removing '/home/brains/Desktop/articubot_one/install/serial_motor_demo/lib/python3.12/site-packages/serial_motor_demo-0.0.0-py3.12.egg-info' (and everything under it)
[2.684s] Copying ../../../build/serial_motor_demo/serial_motor_demo.egg-info to /home/brains/Desktop/articubot_one/install/serial_motor_demo/lib/python3.12/site-packages/serial_motor_demo-0.0.0-py3.12.egg-info
[2.685s] running install_scripts
[2.816s] Installing driver script to /home/brains/Desktop/articubot_one/install/serial_motor_demo/lib/serial_motor_demo
[2.817s] Installing gui script to /home/brains/Desktop/articubot_one/install/serial_motor_demo/lib/serial_motor_demo
[2.817s] writing list of installed files to '/home/brains/Desktop/articubot_one/build/serial_motor_demo/install.log'
[2.849s] Invoked command in '/home/brains/Desktop/articubot_one/src/serial_motor_demo/serial_motor_demo' returned '0': AMENT_PREFIX_PATH=/home/brains/Desktop/articubot_one/install/serial_motor_demo_msgs:${AMENT_PREFIX_PATH} CMAKE_PREFIX_PATH=/home/brains/Desktop/articubot_one/install/serial_motor_demo_msgs:${CMAKE_PREFIX_PATH} LD_LIBRARY_PATH=/home/brains/Desktop/articubot_one/install/serial_motor_demo_msgs/lib:${LD_LIBRARY_PATH} PYTHONPATH=/home/brains/Desktop/articubot_one/build/serial_motor_demo/prefix_override:/usr/lib/python3/dist-packages/colcon_core/task/python/colcon_distutils_commands:/home/brains/Desktop/articubot_one/install/serial_motor_demo/lib/python3.12/site-packages:/home/brains/Desktop/articubot_one/install/serial_motor_demo_msgs/lib/python3.12/site-packages:${PYTHONPATH} /usr/bin/python3 -W ignore:setup.py install is deprecated -W ignore:easy_install command is deprecated setup.py egg_info --egg-base ../../../build/serial_motor_demo build --build-base /home/brains/Desktop/articubot_one/build/serial_motor_demo/build install --record /home/brains/Desktop/articubot_one/build/serial_motor_demo/install.log --install-scripts $base/lib/serial_motor_demo --single-version-externally-managed install_data
