/usr/lib/python3/dist-packages/setuptools/dist.py:744: SetuptoolsDeprecationWarning: Invalid dash-separated options
!!

        ********************************************************************************
        Usage of dash-separated 'script-dir' will not be supported in future
        versions. Please use the underscore name 'script_dir' instead.

        This deprecation is overdue, please update your project and remove deprecated
        calls to avoid build errors in the future.

        See https://setuptools.pypa.io/en/latest/userguide/declarative_config.html for details.
        ********************************************************************************

!!
  opt = self.warn_dash_deprecation(opt, section)
running egg_info
writing ../../../build/serial_motor_demo/serial_motor_demo.egg-info/PKG-INFO
writing dependency_links to ../../../build/serial_motor_demo/serial_motor_demo.egg-info/dependency_links.txt
writing entry points to ../../../build/serial_motor_demo/serial_motor_demo.egg-info/entry_points.txt
writing requirements to ../../../build/serial_motor_demo/serial_motor_demo.egg-info/requires.txt
writing top-level names to ../../../build/serial_motor_demo/serial_motor_demo.egg-info/top_level.txt
reading manifest file '../../../build/serial_motor_demo/serial_motor_demo.egg-info/SOURCES.txt'
writing manifest file '../../../build/serial_motor_demo/serial_motor_demo.egg-info/SOURCES.txt'
running build
running build_py
running install
running install_lib
running install_data
running install_egg_info
removing '/home/brains/Desktop/articubot_one/install/serial_motor_demo/lib/python3.12/site-packages/serial_motor_demo-0.0.0-py3.12.egg-info' (and everything under it)
Copying ../../../build/serial_motor_demo/serial_motor_demo.egg-info to /home/brains/Desktop/articubot_one/install/serial_motor_demo/lib/python3.12/site-packages/serial_motor_demo-0.0.0-py3.12.egg-info
running install_scripts
Installing driver script to /home/brains/Desktop/articubot_one/install/serial_motor_demo/lib/serial_motor_demo
Installing gui script to /home/brains/Desktop/articubot_one/install/serial_motor_demo/lib/serial_motor_demo
writing list of installed files to '/home/brains/Desktop/articubot_one/build/serial_motor_demo/install.log'
