[0.704s] Invoking command in '/home/brains/Desktop/articubot_one/src/serial_motor_demo/serial_motor_demo': AMENT_PREFIX_PATH=/home/brains/Desktop/articubot_one/install/serial_motor_demo_msgs:${AMENT_PREFIX_PATH} CMAKE_PREFIX_PATH=/home/brains/Desktop/articubot_one/install/serial_motor_demo_msgs:${CMAKE_PREFIX_PATH} LD_LIBRARY_PATH=/home/brains/Desktop/articubot_one/install/serial_motor_demo_msgs/lib:${LD_LIBRARY_PATH} PYTHONPATH=/home/brains/Desktop/articubot_one/build/serial_motor_demo/prefix_override:/usr/lib/python3/dist-packages/colcon_core/task/python/colcon_distutils_commands:/home/brains/Desktop/articubot_one/install/serial_motor_demo/lib/python3.12/site-packages:/home/brains/Desktop/articubot_one/install/serial_motor_demo_msgs/lib/python3.12/site-packages:${PYTHONPATH} /usr/bin/python3 -W ignore:setup.py install is deprecated -W ignore:easy_install command is deprecated setup.py egg_info --egg-base ../../../build/serial_motor_demo build --build-base /home/brains/Desktop/articubot_one/build/serial_motor_demo/build install --record /home/brains/Desktop/articubot_one/build/serial_motor_demo/install.log --install-scripts $base/lib/serial_motor_demo --single-version-externally-managed install_data
[0.806s] /usr/lib/python3/dist-packages/setuptools/dist.py:744: SetuptoolsDeprecationWarning: Invalid dash-separated options
[0.806s] !!
[0.806s] 
[0.806s]         ********************************************************************************
[0.806s]         Usage of dash-separated 'script-dir' will not be supported in future
[0.807s]         versions. Please use the underscore name 'script_dir' instead.
[0.807s] 
[0.807s]         This deprecation is overdue, please update your project and remove deprecated
[0.807s]         calls to avoid build errors in the future.
[0.807s] 
[0.807s]         See https://setuptools.pypa.io/en/latest/userguide/declarative_config.html for details.
[0.807s]         ********************************************************************************
[0.807s] 
[0.807s] !!
[0.807s]   opt = self.warn_dash_deprecation(opt, section)
[0.943s] running egg_info
[0.962s] writing ../../../build/serial_motor_demo/serial_motor_demo.egg-info/PKG-INFO
[0.962s] writing dependency_links to ../../../build/serial_motor_demo/serial_motor_demo.egg-info/dependency_links.txt
[0.962s] writing entry points to ../../../build/serial_motor_demo/serial_motor_demo.egg-info/entry_points.txt
[0.962s] writing requirements to ../../../build/serial_motor_demo/serial_motor_demo.egg-info/requires.txt
[0.963s] writing top-level names to ../../../build/serial_motor_demo/serial_motor_demo.egg-info/top_level.txt
[1.000s] reading manifest file '../../../build/serial_motor_demo/serial_motor_demo.egg-info/SOURCES.txt'
[1.001s] writing manifest file '../../../build/serial_motor_demo/serial_motor_demo.egg-info/SOURCES.txt'
[1.001s] running build
[1.001s] running build_py
[1.001s] running install
[1.007s] running install_lib
[1.027s] running install_data
[1.027s] running install_egg_info
[1.047s] removing '/home/brains/Desktop/articubot_one/install/serial_motor_demo/lib/python3.12/site-packages/serial_motor_demo-0.0.0-py3.12.egg-info' (and everything under it)
[1.048s] Copying ../../../build/serial_motor_demo/serial_motor_demo.egg-info to /home/brains/Desktop/articubot_one/install/serial_motor_demo/lib/python3.12/site-packages/serial_motor_demo-0.0.0-py3.12.egg-info
[1.049s] running install_scripts
[1.174s] Installing driver script to /home/brains/Desktop/articubot_one/install/serial_motor_demo/lib/serial_motor_demo
[1.174s] Installing gui script to /home/brains/Desktop/articubot_one/install/serial_motor_demo/lib/serial_motor_demo
[1.174s] writing list of installed files to '/home/brains/Desktop/articubot_one/build/serial_motor_demo/install.log'
[1.198s] Invoked command in '/home/brains/Desktop/articubot_one/src/serial_motor_demo/serial_motor_demo' returned '0': AMENT_PREFIX_PATH=/home/brains/Desktop/articubot_one/install/serial_motor_demo_msgs:${AMENT_PREFIX_PATH} CMAKE_PREFIX_PATH=/home/brains/Desktop/articubot_one/install/serial_motor_demo_msgs:${CMAKE_PREFIX_PATH} LD_LIBRARY_PATH=/home/brains/Desktop/articubot_one/install/serial_motor_demo_msgs/lib:${LD_LIBRARY_PATH} PYTHONPATH=/home/brains/Desktop/articubot_one/build/serial_motor_demo/prefix_override:/usr/lib/python3/dist-packages/colcon_core/task/python/colcon_distutils_commands:/home/brains/Desktop/articubot_one/install/serial_motor_demo/lib/python3.12/site-packages:/home/brains/Desktop/articubot_one/install/serial_motor_demo_msgs/lib/python3.12/site-packages:${PYTHONPATH} /usr/bin/python3 -W ignore:setup.py install is deprecated -W ignore:easy_install command is deprecated setup.py egg_info --egg-base ../../../build/serial_motor_demo build --build-base /home/brains/Desktop/articubot_one/build/serial_motor_demo/build install --record /home/brains/Desktop/articubot_one/build/serial_motor_demo/install.log --install-scripts $base/lib/serial_motor_demo --single-version-externally-managed install_data
