[0.605s] Invoking command in '/home/brains/Desktop/articubot_one/build/serial_motor_demo_msgs': CMAKE_PREFIX_PATH=${CMAKE_PREFIX_PATH}:/opt/ros/jazzy /usr/bin/cmake --build /home/brains/Desktop/articubot_one/build/serial_motor_demo_msgs -- -j12 -l12
[0.913s] [  1%] Built target serial_motor_demo_msgs__rosidl_generator_type_description
[0.923s] [  1%] Built target ament_cmake_python_copy_serial_motor_demo_msgs
[0.939s] [  3%] Built target serial_motor_demo_msgs__cpp
[0.951s] [ 24%] Built target serial_motor_demo_msgs__rosidl_generator_c
[0.982s] [ 61%] Built target serial_motor_demo_msgs__rosidl_typesupport_introspection_c
[0.982s] [ 61%] Built target serial_motor_demo_msgs__rosidl_typesupport_fastrtps_c
[0.982s] [ 61%] Built target serial_motor_demo_msgs__rosidl_typesupport_c
[0.982s] [ 61%] Built target serial_motor_demo_msgs__rosidl_typesupport_cpp
[0.988s] [ 70%] Built target serial_motor_demo_msgs__rosidl_typesupport_fastrtps_cpp
[0.988s] [ 79%] Built target serial_motor_demo_msgs__rosidl_typesupport_introspection_cpp
[1.014s] [ 79%] Built target serial_motor_demo_msgs
[1.044s] [ 81%] Built target serial_motor_demo_msgs__py
[1.070s] [ 88%] Built target serial_motor_demo_msgs__rosidl_generator_py
[1.097s] [ 96%] Built target serial_motor_demo_msgs_s__rosidl_typesupport_c
[1.097s] [ 96%] Built target serial_motor_demo_msgs_s__rosidl_typesupport_fastrtps_c
[1.098s] [100%] Built target serial_motor_demo_msgs_s__rosidl_typesupport_introspection_c
[1.201s] running egg_info
[1.220s] writing serial_motor_demo_msgs.egg-info/PKG-INFO
[1.220s] writing dependency_links to serial_motor_demo_msgs.egg-info/dependency_links.txt
[1.220s] writing top-level names to serial_motor_demo_msgs.egg-info/top_level.txt
[1.282s] reading manifest file 'serial_motor_demo_msgs.egg-info/SOURCES.txt'
[1.283s] writing manifest file 'serial_motor_demo_msgs.egg-info/SOURCES.txt'
[1.310s] [100%] Built target ament_cmake_python_build_serial_motor_demo_msgs_egg
[1.326s] Invoked command in '/home/brains/Desktop/articubot_one/build/serial_motor_demo_msgs' returned '0': CMAKE_PREFIX_PATH=${CMAKE_PREFIX_PATH}:/opt/ros/jazzy /usr/bin/cmake --build /home/brains/Desktop/articubot_one/build/serial_motor_demo_msgs -- -j12 -l12
[1.370s] Invoking command in '/home/brains/Desktop/articubot_one/build/serial_motor_demo_msgs': CMAKE_PREFIX_PATH=${CMAKE_PREFIX_PATH}:/opt/ros/jazzy /usr/bin/cmake --install /home/brains/Desktop/articubot_one/build/serial_motor_demo_msgs
[1.390s] -- Install configuration: ""
[1.423s] -- Up-to-date: /home/brains/Desktop/articubot_one/install/serial_motor_demo_msgs/share/ament_index/resource_index/rosidl_interfaces/serial_motor_demo_msgs
[1.423s] -- Up-to-date: /home/brains/Desktop/articubot_one/install/serial_motor_demo_msgs/share/serial_motor_demo_msgs/msg/MotorCommand.json
[1.423s] -- Up-to-date: /home/brains/Desktop/articubot_one/install/serial_motor_demo_msgs/share/serial_motor_demo_msgs/msg/MotorVels.json
[1.424s] -- Up-to-date: /home/brains/Desktop/articubot_one/install/serial_motor_demo_msgs/share/serial_motor_demo_msgs/msg/EncoderVals.json
[1.424s] -- Up-to-date: /home/brains/Desktop/articubot_one/install/serial_motor_demo_msgs/include/serial_motor_demo_msgs/serial_motor_demo_msgs
[1.424s] -- Up-to-date: /home/brains/Desktop/articubot_one/install/serial_motor_demo_msgs/include/serial_motor_demo_msgs/serial_motor_demo_msgs/msg
[1.424s] -- Up-to-date: /home/brains/Desktop/articubot_one/install/serial_motor_demo_msgs/include/serial_motor_demo_msgs/serial_motor_demo_msgs/msg/motor_command.h
[1.424s] -- Up-to-date: /home/brains/Desktop/articubot_one/install/serial_motor_demo_msgs/include/serial_motor_demo_msgs/serial_motor_demo_msgs/msg/rosidl_generator_c__visibility_control.h
[1.425s] -- Up-to-date: /home/brains/Desktop/articubot_one/install/serial_motor_demo_msgs/include/serial_motor_demo_msgs/serial_motor_demo_msgs/msg/motor_vels.h
[1.425s] -- Up-to-date: /home/brains/Desktop/articubot_one/install/serial_motor_demo_msgs/include/serial_motor_demo_msgs/serial_motor_demo_msgs/msg/detail
[1.425s] -- Up-to-date: /home/brains/Desktop/articubot_one/install/serial_motor_demo_msgs/include/serial_motor_demo_msgs/serial_motor_demo_msgs/msg/detail/motor_vels__type_support.h
[1.425s] -- Up-to-date: /home/brains/Desktop/articubot_one/install/serial_motor_demo_msgs/include/serial_motor_demo_msgs/serial_motor_demo_msgs/msg/detail/motor_command__type_support.c
[1.425s] -- Up-to-date: /home/brains/Desktop/articubot_one/install/serial_motor_demo_msgs/include/serial_motor_demo_msgs/serial_motor_demo_msgs/msg/detail/motor_command__struct.h
[1.425s] -- Up-to-date: /home/brains/Desktop/articubot_one/install/serial_motor_demo_msgs/include/serial_motor_demo_msgs/serial_motor_demo_msgs/msg/detail/motor_vels__description.c
[1.426s] -- Up-to-date: /home/brains/Desktop/articubot_one/install/serial_motor_demo_msgs/include/serial_motor_demo_msgs/serial_motor_demo_msgs/msg/detail/encoder_vals__type_support.h
[1.426s] -- Up-to-date: /home/brains/Desktop/articubot_one/install/serial_motor_demo_msgs/include/serial_motor_demo_msgs/serial_motor_demo_msgs/msg/detail/motor_vels__struct.h
[1.426s] -- Up-to-date: /home/brains/Desktop/articubot_one/install/serial_motor_demo_msgs/include/serial_motor_demo_msgs/serial_motor_demo_msgs/msg/detail/motor_vels__type_support.c
[1.426s] -- Up-to-date: /home/brains/Desktop/articubot_one/install/serial_motor_demo_msgs/include/serial_motor_demo_msgs/serial_motor_demo_msgs/msg/detail/motor_command__functions.h
[1.426s] -- Up-to-date: /home/brains/Desktop/articubot_one/install/serial_motor_demo_msgs/include/serial_motor_demo_msgs/serial_motor_demo_msgs/msg/detail/encoder_vals__functions.c
[1.426s] -- Up-to-date: /home/brains/Desktop/articubot_one/install/serial_motor_demo_msgs/include/serial_motor_demo_msgs/serial_motor_demo_msgs/msg/detail/encoder_vals__functions.h
[1.427s] -- Up-to-date: /home/brains/Desktop/articubot_one/install/serial_motor_demo_msgs/include/serial_motor_demo_msgs/serial_motor_demo_msgs/msg/detail/motor_vels__functions.h
[1.427s] -- Up-to-date: /home/brains/Desktop/articubot_one/install/serial_motor_demo_msgs/include/serial_motor_demo_msgs/serial_motor_demo_msgs/msg/detail/encoder_vals__description.c
[1.427s] -- Up-to-date: /home/brains/Desktop/articubot_one/install/serial_motor_demo_msgs/include/serial_motor_demo_msgs/serial_motor_demo_msgs/msg/detail/motor_command__functions.c
[1.427s] -- Up-to-date: /home/brains/Desktop/articubot_one/install/serial_motor_demo_msgs/include/serial_motor_demo_msgs/serial_motor_demo_msgs/msg/detail/encoder_vals__struct.h
[1.427s] -- Up-to-date: /home/brains/Desktop/articubot_one/install/serial_motor_demo_msgs/include/serial_motor_demo_msgs/serial_motor_demo_msgs/msg/detail/motor_vels__functions.c
[1.427s] -- Up-to-date: /home/brains/Desktop/articubot_one/install/serial_motor_demo_msgs/include/serial_motor_demo_msgs/serial_motor_demo_msgs/msg/detail/motor_command__description.c
[1.427s] -- Up-to-date: /home/brains/Desktop/articubot_one/install/serial_motor_demo_msgs/include/serial_motor_demo_msgs/serial_motor_demo_msgs/msg/detail/motor_command__type_support.h
[1.428s] -- Up-to-date: /home/brains/Desktop/articubot_one/install/serial_motor_demo_msgs/include/serial_motor_demo_msgs/serial_motor_demo_msgs/msg/detail/encoder_vals__type_support.c
[1.428s] -- Up-to-date: /home/brains/Desktop/articubot_one/install/serial_motor_demo_msgs/include/serial_motor_demo_msgs/serial_motor_demo_msgs/msg/encoder_vals.h
[1.428s] -- Up-to-date: /home/brains/Desktop/articubot_one/install/serial_motor_demo_msgs/share/serial_motor_demo_msgs/environment/library_path.sh
[1.428s] -- Up-to-date: /home/brains/Desktop/articubot_one/install/serial_motor_demo_msgs/share/serial_motor_demo_msgs/environment/library_path.dsv
[1.429s] -- Up-to-date: /home/brains/Desktop/articubot_one/install/serial_motor_demo_msgs/lib/libserial_motor_demo_msgs__rosidl_generator_c.so
[1.429s] -- Up-to-date: /home/brains/Desktop/articubot_one/install/serial_motor_demo_msgs/include/serial_motor_demo_msgs/serial_motor_demo_msgs
[1.430s] -- Up-to-date: /home/brains/Desktop/articubot_one/install/serial_motor_demo_msgs/include/serial_motor_demo_msgs/serial_motor_demo_msgs/msg
[1.430s] -- Up-to-date: /home/brains/Desktop/articubot_one/install/serial_motor_demo_msgs/include/serial_motor_demo_msgs/serial_motor_demo_msgs/msg/rosidl_typesupport_fastrtps_c__visibility_control.h
[1.430s] -- Up-to-date: /home/brains/Desktop/articubot_one/install/serial_motor_demo_msgs/include/serial_motor_demo_msgs/serial_motor_demo_msgs/msg/detail
[1.430s] -- Up-to-date: /home/brains/Desktop/articubot_one/install/serial_motor_demo_msgs/include/serial_motor_demo_msgs/serial_motor_demo_msgs/msg/detail/motor_command__rosidl_typesupport_fastrtps_c.h
[1.430s] -- Up-to-date: /home/brains/Desktop/articubot_one/install/serial_motor_demo_msgs/include/serial_motor_demo_msgs/serial_motor_demo_msgs/msg/detail/motor_vels__rosidl_typesupport_fastrtps_c.h
[1.430s] -- Up-to-date: /home/brains/Desktop/articubot_one/install/serial_motor_demo_msgs/include/serial_motor_demo_msgs/serial_motor_demo_msgs/msg/detail/encoder_vals__rosidl_typesupport_fastrtps_c.h
[1.431s] -- Up-to-date: /home/brains/Desktop/articubot_one/install/serial_motor_demo_msgs/lib/libserial_motor_demo_msgs__rosidl_typesupport_fastrtps_c.so
[1.431s] -- Up-to-date: /home/brains/Desktop/articubot_one/install/serial_motor_demo_msgs/include/serial_motor_demo_msgs/serial_motor_demo_msgs
[1.431s] -- Up-to-date: /home/brains/Desktop/articubot_one/install/serial_motor_demo_msgs/include/serial_motor_demo_msgs/serial_motor_demo_msgs/msg
[1.431s] -- Up-to-date: /home/brains/Desktop/articubot_one/install/serial_motor_demo_msgs/include/serial_motor_demo_msgs/serial_motor_demo_msgs/msg/detail
[1.431s] -- Up-to-date: /home/brains/Desktop/articubot_one/install/serial_motor_demo_msgs/include/serial_motor_demo_msgs/serial_motor_demo_msgs/msg/detail/motor_command__type_support.c
[1.432s] -- Up-to-date: /home/brains/Desktop/articubot_one/install/serial_motor_demo_msgs/include/serial_motor_demo_msgs/serial_motor_demo_msgs/msg/detail/motor_command__rosidl_typesupport_introspection_c.h
[1.432s] -- Up-to-date: /home/brains/Desktop/articubot_one/install/serial_motor_demo_msgs/include/serial_motor_demo_msgs/serial_motor_demo_msgs/msg/detail/motor_vels__type_support.c
[1.432s] -- Up-to-date: /home/brains/Desktop/articubot_one/install/serial_motor_demo_msgs/include/serial_motor_demo_msgs/serial_motor_demo_msgs/msg/detail/encoder_vals__rosidl_typesupport_introspection_c.h
[1.432s] -- Up-to-date: /home/brains/Desktop/articubot_one/install/serial_motor_demo_msgs/include/serial_motor_demo_msgs/serial_motor_demo_msgs/msg/detail/motor_vels__rosidl_typesupport_introspection_c.h
[1.432s] -- Up-to-date: /home/brains/Desktop/articubot_one/install/serial_motor_demo_msgs/include/serial_motor_demo_msgs/serial_motor_demo_msgs/msg/detail/encoder_vals__type_support.c
[1.432s] -- Up-to-date: /home/brains/Desktop/articubot_one/install/serial_motor_demo_msgs/include/serial_motor_demo_msgs/serial_motor_demo_msgs/msg/rosidl_typesupport_introspection_c__visibility_control.h
[1.433s] -- Up-to-date: /home/brains/Desktop/articubot_one/install/serial_motor_demo_msgs/lib/libserial_motor_demo_msgs__rosidl_typesupport_introspection_c.so
[1.433s] -- Up-to-date: /home/brains/Desktop/articubot_one/install/serial_motor_demo_msgs/lib/libserial_motor_demo_msgs__rosidl_typesupport_c.so
[1.433s] -- Up-to-date: /home/brains/Desktop/articubot_one/install/serial_motor_demo_msgs/include/serial_motor_demo_msgs/serial_motor_demo_msgs
[1.433s] -- Up-to-date: /home/brains/Desktop/articubot_one/install/serial_motor_demo_msgs/include/serial_motor_demo_msgs/serial_motor_demo_msgs/msg
[1.433s] -- Up-to-date: /home/brains/Desktop/articubot_one/install/serial_motor_demo_msgs/include/serial_motor_demo_msgs/serial_motor_demo_msgs/msg/motor_vels.hpp
[1.434s] -- Up-to-date: /home/brains/Desktop/articubot_one/install/serial_motor_demo_msgs/include/serial_motor_demo_msgs/serial_motor_demo_msgs/msg/rosidl_generator_cpp__visibility_control.hpp
[1.434s] -- Up-to-date: /home/brains/Desktop/articubot_one/install/serial_motor_demo_msgs/include/serial_motor_demo_msgs/serial_motor_demo_msgs/msg/motor_command.hpp
[1.434s] -- Up-to-date: /home/brains/Desktop/articubot_one/install/serial_motor_demo_msgs/include/serial_motor_demo_msgs/serial_motor_demo_msgs/msg/detail
[1.434s] -- Up-to-date: /home/brains/Desktop/articubot_one/install/serial_motor_demo_msgs/include/serial_motor_demo_msgs/serial_motor_demo_msgs/msg/detail/encoder_vals__type_support.hpp
[1.434s] -- Up-to-date: /home/brains/Desktop/articubot_one/install/serial_motor_demo_msgs/include/serial_motor_demo_msgs/serial_motor_demo_msgs/msg/detail/motor_vels__struct.hpp
[1.434s] -- Up-to-date: /home/brains/Desktop/articubot_one/install/serial_motor_demo_msgs/include/serial_motor_demo_msgs/serial_motor_demo_msgs/msg/detail/encoder_vals__traits.hpp
[1.435s] -- Up-to-date: /home/brains/Desktop/articubot_one/install/serial_motor_demo_msgs/include/serial_motor_demo_msgs/serial_motor_demo_msgs/msg/detail/motor_vels__traits.hpp
[1.435s] -- Up-to-date: /home/brains/Desktop/articubot_one/install/serial_motor_demo_msgs/include/serial_motor_demo_msgs/serial_motor_demo_msgs/msg/detail/motor_command__struct.hpp
[1.435s] -- Up-to-date: /home/brains/Desktop/articubot_one/install/serial_motor_demo_msgs/include/serial_motor_demo_msgs/serial_motor_demo_msgs/msg/detail/motor_command__builder.hpp
[1.435s] -- Up-to-date: /home/brains/Desktop/articubot_one/install/serial_motor_demo_msgs/include/serial_motor_demo_msgs/serial_motor_demo_msgs/msg/detail/motor_command__type_support.hpp
[1.435s] -- Up-to-date: /home/brains/Desktop/articubot_one/install/serial_motor_demo_msgs/include/serial_motor_demo_msgs/serial_motor_demo_msgs/msg/detail/motor_vels__builder.hpp
[1.435s] -- Up-to-date: /home/brains/Desktop/articubot_one/install/serial_motor_demo_msgs/include/serial_motor_demo_msgs/serial_motor_demo_msgs/msg/detail/motor_command__traits.hpp
[1.436s] -- Up-to-date: /home/brains/Desktop/articubot_one/install/serial_motor_demo_msgs/include/serial_motor_demo_msgs/serial_motor_demo_msgs/msg/detail/encoder_vals__builder.hpp
[1.436s] -- Up-to-date: /home/brains/Desktop/articubot_one/install/serial_motor_demo_msgs/include/serial_motor_demo_msgs/serial_motor_demo_msgs/msg/detail/encoder_vals__struct.hpp
[1.436s] -- Up-to-date: /home/brains/Desktop/articubot_one/install/serial_motor_demo_msgs/include/serial_motor_demo_msgs/serial_motor_demo_msgs/msg/detail/motor_vels__type_support.hpp
[1.436s] -- Up-to-date: /home/brains/Desktop/articubot_one/install/serial_motor_demo_msgs/include/serial_motor_demo_msgs/serial_motor_demo_msgs/msg/encoder_vals.hpp
[1.436s] -- Up-to-date: /home/brains/Desktop/articubot_one/install/serial_motor_demo_msgs/include/serial_motor_demo_msgs/serial_motor_demo_msgs
[1.436s] -- Up-to-date: /home/brains/Desktop/articubot_one/install/serial_motor_demo_msgs/include/serial_motor_demo_msgs/serial_motor_demo_msgs/msg
[1.437s] -- Up-to-date: /home/brains/Desktop/articubot_one/install/serial_motor_demo_msgs/include/serial_motor_demo_msgs/serial_motor_demo_msgs/msg/detail
[1.437s] -- Up-to-date: /home/brains/Desktop/articubot_one/install/serial_motor_demo_msgs/include/serial_motor_demo_msgs/serial_motor_demo_msgs/msg/detail/encoder_vals__rosidl_typesupport_fastrtps_cpp.hpp
[1.437s] -- Up-to-date: /home/brains/Desktop/articubot_one/install/serial_motor_demo_msgs/include/serial_motor_demo_msgs/serial_motor_demo_msgs/msg/detail/motor_command__rosidl_typesupport_fastrtps_cpp.hpp
[1.437s] -- Up-to-date: /home/brains/Desktop/articubot_one/install/serial_motor_demo_msgs/include/serial_motor_demo_msgs/serial_motor_demo_msgs/msg/detail/motor_vels__rosidl_typesupport_fastrtps_cpp.hpp
[1.437s] -- Up-to-date: /home/brains/Desktop/articubot_one/install/serial_motor_demo_msgs/include/serial_motor_demo_msgs/serial_motor_demo_msgs/msg/detail/dds_fastrtps
[1.437s] -- Up-to-date: /home/brains/Desktop/articubot_one/install/serial_motor_demo_msgs/include/serial_motor_demo_msgs/serial_motor_demo_msgs/msg/rosidl_typesupport_fastrtps_cpp__visibility_control.h
[1.438s] -- Up-to-date: /home/brains/Desktop/articubot_one/install/serial_motor_demo_msgs/lib/libserial_motor_demo_msgs__rosidl_typesupport_fastrtps_cpp.so
[1.438s] -- Up-to-date: /home/brains/Desktop/articubot_one/install/serial_motor_demo_msgs/include/serial_motor_demo_msgs/serial_motor_demo_msgs
[1.438s] -- Up-to-date: /home/brains/Desktop/articubot_one/install/serial_motor_demo_msgs/include/serial_motor_demo_msgs/serial_motor_demo_msgs/msg
[1.438s] -- Up-to-date: /home/brains/Desktop/articubot_one/install/serial_motor_demo_msgs/include/serial_motor_demo_msgs/serial_motor_demo_msgs/msg/detail
[1.438s] -- Up-to-date: /home/brains/Desktop/articubot_one/install/serial_motor_demo_msgs/include/serial_motor_demo_msgs/serial_motor_demo_msgs/msg/detail/motor_command__rosidl_typesupport_introspection_cpp.hpp
[1.438s] -- Up-to-date: /home/brains/Desktop/articubot_one/install/serial_motor_demo_msgs/include/serial_motor_demo_msgs/serial_motor_demo_msgs/msg/detail/encoder_vals__type_support.cpp
[1.439s] -- Up-to-date: /home/brains/Desktop/articubot_one/install/serial_motor_demo_msgs/include/serial_motor_demo_msgs/serial_motor_demo_msgs/msg/detail/motor_command__type_support.cpp
[1.439s] -- Up-to-date: /home/brains/Desktop/articubot_one/install/serial_motor_demo_msgs/include/serial_motor_demo_msgs/serial_motor_demo_msgs/msg/detail/motor_vels__rosidl_typesupport_introspection_cpp.hpp
[1.439s] -- Up-to-date: /home/brains/Desktop/articubot_one/install/serial_motor_demo_msgs/include/serial_motor_demo_msgs/serial_motor_demo_msgs/msg/detail/encoder_vals__rosidl_typesupport_introspection_cpp.hpp
[1.439s] -- Up-to-date: /home/brains/Desktop/articubot_one/install/serial_motor_demo_msgs/include/serial_motor_demo_msgs/serial_motor_demo_msgs/msg/detail/motor_vels__type_support.cpp
[1.439s] -- Up-to-date: /home/brains/Desktop/articubot_one/install/serial_motor_demo_msgs/lib/libserial_motor_demo_msgs__rosidl_typesupport_introspection_cpp.so
[1.439s] -- Up-to-date: /home/brains/Desktop/articubot_one/install/serial_motor_demo_msgs/lib/libserial_motor_demo_msgs__rosidl_typesupport_cpp.so
[1.440s] -- Up-to-date: /home/brains/Desktop/articubot_one/install/serial_motor_demo_msgs/share/serial_motor_demo_msgs/environment/pythonpath.sh
[1.440s] -- Up-to-date: /home/brains/Desktop/articubot_one/install/serial_motor_demo_msgs/share/serial_motor_demo_msgs/environment/pythonpath.dsv
[1.440s] -- Up-to-date: /home/brains/Desktop/articubot_one/install/serial_motor_demo_msgs/lib/python3.12/site-packages/serial_motor_demo_msgs-0.0.0-py3.12.egg-info
[1.440s] -- Installing: /home/brains/Desktop/articubot_one/install/serial_motor_demo_msgs/lib/python3.12/site-packages/serial_motor_demo_msgs-0.0.0-py3.12.egg-info/dependency_links.txt
[1.440s] -- Installing: /home/brains/Desktop/articubot_one/install/serial_motor_demo_msgs/lib/python3.12/site-packages/serial_motor_demo_msgs-0.0.0-py3.12.egg-info/SOURCES.txt
[1.440s] -- Installing: /home/brains/Desktop/articubot_one/install/serial_motor_demo_msgs/lib/python3.12/site-packages/serial_motor_demo_msgs-0.0.0-py3.12.egg-info/top_level.txt
[1.440s] -- Installing: /home/brains/Desktop/articubot_one/install/serial_motor_demo_msgs/lib/python3.12/site-packages/serial_motor_demo_msgs-0.0.0-py3.12.egg-info/PKG-INFO
[1.441s] -- Up-to-date: /home/brains/Desktop/articubot_one/install/serial_motor_demo_msgs/lib/python3.12/site-packages/serial_motor_demo_msgs
[1.441s] -- Up-to-date: /home/brains/Desktop/articubot_one/install/serial_motor_demo_msgs/lib/python3.12/site-packages/serial_motor_demo_msgs/__init__.py
[1.441s] -- Up-to-date: /home/brains/Desktop/articubot_one/install/serial_motor_demo_msgs/lib/python3.12/site-packages/serial_motor_demo_msgs/serial_motor_demo_msgs_s__rosidl_typesupport_introspection_c.so
[1.441s] -- Up-to-date: /home/brains/Desktop/articubot_one/install/serial_motor_demo_msgs/lib/python3.12/site-packages/serial_motor_demo_msgs/_serial_motor_demo_msgs_s.ep.rosidl_typesupport_introspection_c.c
[1.441s] -- Up-to-date: /home/brains/Desktop/articubot_one/install/serial_motor_demo_msgs/lib/python3.12/site-packages/serial_motor_demo_msgs/_serial_motor_demo_msgs_s.ep.rosidl_typesupport_c.c
[1.441s] -- Up-to-date: /home/brains/Desktop/articubot_one/install/serial_motor_demo_msgs/lib/python3.12/site-packages/serial_motor_demo_msgs/_serial_motor_demo_msgs_s.ep.rosidl_typesupport_fastrtps_c.c
[1.442s] -- Up-to-date: /home/brains/Desktop/articubot_one/install/serial_motor_demo_msgs/lib/python3.12/site-packages/serial_motor_demo_msgs/serial_motor_demo_msgs_s__rosidl_typesupport_fastrtps_c.so
[1.442s] -- Up-to-date: /home/brains/Desktop/articubot_one/install/serial_motor_demo_msgs/lib/python3.12/site-packages/serial_motor_demo_msgs/serial_motor_demo_msgs_s__rosidl_typesupport_c.so
[1.442s] -- Up-to-date: /home/brains/Desktop/articubot_one/install/serial_motor_demo_msgs/lib/python3.12/site-packages/serial_motor_demo_msgs/msg
[1.442s] -- Up-to-date: /home/brains/Desktop/articubot_one/install/serial_motor_demo_msgs/lib/python3.12/site-packages/serial_motor_demo_msgs/msg/__init__.py
[1.442s] -- Up-to-date: /home/brains/Desktop/articubot_one/install/serial_motor_demo_msgs/lib/python3.12/site-packages/serial_motor_demo_msgs/msg/_motor_command.py
[1.442s] -- Up-to-date: /home/brains/Desktop/articubot_one/install/serial_motor_demo_msgs/lib/python3.12/site-packages/serial_motor_demo_msgs/msg/_encoder_vals.py
[1.442s] -- Up-to-date: /home/brains/Desktop/articubot_one/install/serial_motor_demo_msgs/lib/python3.12/site-packages/serial_motor_demo_msgs/msg/_encoder_vals_s.c
[1.443s] -- Up-to-date: /home/brains/Desktop/articubot_one/install/serial_motor_demo_msgs/lib/python3.12/site-packages/serial_motor_demo_msgs/msg/_motor_vels_s.c
[1.443s] -- Up-to-date: /home/brains/Desktop/articubot_one/install/serial_motor_demo_msgs/lib/python3.12/site-packages/serial_motor_demo_msgs/msg/_motor_vels.py
[1.443s] -- Up-to-date: /home/brains/Desktop/articubot_one/install/serial_motor_demo_msgs/lib/python3.12/site-packages/serial_motor_demo_msgs/msg/_motor_command_s.c
[1.480s] Listing '/home/brains/Desktop/articubot_one/install/serial_motor_demo_msgs/lib/python3.12/site-packages/serial_motor_demo_msgs'...
[1.480s] Listing '/home/brains/Desktop/articubot_one/install/serial_motor_demo_msgs/lib/python3.12/site-packages/serial_motor_demo_msgs/msg'...
[1.485s] -- Up-to-date: /home/brains/Desktop/articubot_one/install/serial_motor_demo_msgs/lib/python3.12/site-packages/serial_motor_demo_msgs/serial_motor_demo_msgs_s__rosidl_typesupport_fastrtps_c.so
[1.486s] -- Up-to-date: /home/brains/Desktop/articubot_one/install/serial_motor_demo_msgs/lib/python3.12/site-packages/serial_motor_demo_msgs/serial_motor_demo_msgs_s__rosidl_typesupport_introspection_c.so
[1.486s] -- Up-to-date: /home/brains/Desktop/articubot_one/install/serial_motor_demo_msgs/lib/python3.12/site-packages/serial_motor_demo_msgs/serial_motor_demo_msgs_s__rosidl_typesupport_c.so
[1.487s] -- Up-to-date: /home/brains/Desktop/articubot_one/install/serial_motor_demo_msgs/lib/libserial_motor_demo_msgs__rosidl_generator_py.so
[1.488s] -- Up-to-date: /home/brains/Desktop/articubot_one/install/serial_motor_demo_msgs/share/serial_motor_demo_msgs/msg/MotorCommand.idl
[1.488s] -- Up-to-date: /home/brains/Desktop/articubot_one/install/serial_motor_demo_msgs/share/serial_motor_demo_msgs/msg/MotorVels.idl
[1.488s] -- Up-to-date: /home/brains/Desktop/articubot_one/install/serial_motor_demo_msgs/share/serial_motor_demo_msgs/msg/EncoderVals.idl
[1.488s] -- Up-to-date: /home/brains/Desktop/articubot_one/install/serial_motor_demo_msgs/share/serial_motor_demo_msgs/msg/MotorCommand.msg
[1.488s] -- Up-to-date: /home/brains/Desktop/articubot_one/install/serial_motor_demo_msgs/share/serial_motor_demo_msgs/msg/MotorVels.msg
[1.488s] -- Up-to-date: /home/brains/Desktop/articubot_one/install/serial_motor_demo_msgs/share/serial_motor_demo_msgs/msg/EncoderVals.msg
[1.488s] -- Up-to-date: /home/brains/Desktop/articubot_one/install/serial_motor_demo_msgs/share/ament_index/resource_index/package_run_dependencies/serial_motor_demo_msgs
[1.488s] -- Up-to-date: /home/brains/Desktop/articubot_one/install/serial_motor_demo_msgs/share/ament_index/resource_index/parent_prefix_path/serial_motor_demo_msgs
[1.489s] -- Up-to-date: /home/brains/Desktop/articubot_one/install/serial_motor_demo_msgs/share/serial_motor_demo_msgs/environment/ament_prefix_path.sh
[1.489s] -- Up-to-date: /home/brains/Desktop/articubot_one/install/serial_motor_demo_msgs/share/serial_motor_demo_msgs/environment/ament_prefix_path.dsv
[1.489s] -- Up-to-date: /home/brains/Desktop/articubot_one/install/serial_motor_demo_msgs/share/serial_motor_demo_msgs/environment/path.sh
[1.489s] -- Up-to-date: /home/brains/Desktop/articubot_one/install/serial_motor_demo_msgs/share/serial_motor_demo_msgs/environment/path.dsv
[1.489s] -- Up-to-date: /home/brains/Desktop/articubot_one/install/serial_motor_demo_msgs/share/serial_motor_demo_msgs/local_setup.bash
[1.489s] -- Up-to-date: /home/brains/Desktop/articubot_one/install/serial_motor_demo_msgs/share/serial_motor_demo_msgs/local_setup.sh
[1.489s] -- Up-to-date: /home/brains/Desktop/articubot_one/install/serial_motor_demo_msgs/share/serial_motor_demo_msgs/local_setup.zsh
[1.489s] -- Up-to-date: /home/brains/Desktop/articubot_one/install/serial_motor_demo_msgs/share/serial_motor_demo_msgs/local_setup.dsv
[1.490s] -- Installing: /home/brains/Desktop/articubot_one/install/serial_motor_demo_msgs/share/serial_motor_demo_msgs/package.dsv
[1.490s] -- Up-to-date: /home/brains/Desktop/articubot_one/install/serial_motor_demo_msgs/share/ament_index/resource_index/packages/serial_motor_demo_msgs
[1.490s] -- Up-to-date: /home/brains/Desktop/articubot_one/install/serial_motor_demo_msgs/share/serial_motor_demo_msgs/cmake/export_serial_motor_demo_msgs__rosidl_generator_cExport.cmake
[1.490s] -- Up-to-date: /home/brains/Desktop/articubot_one/install/serial_motor_demo_msgs/share/serial_motor_demo_msgs/cmake/export_serial_motor_demo_msgs__rosidl_generator_cExport-noconfig.cmake
[1.491s] -- Up-to-date: /home/brains/Desktop/articubot_one/install/serial_motor_demo_msgs/share/serial_motor_demo_msgs/cmake/export_serial_motor_demo_msgs__rosidl_typesupport_fastrtps_cExport.cmake
[1.491s] -- Up-to-date: /home/brains/Desktop/articubot_one/install/serial_motor_demo_msgs/share/serial_motor_demo_msgs/cmake/export_serial_motor_demo_msgs__rosidl_typesupport_fastrtps_cExport-noconfig.cmake
[1.491s] -- Up-to-date: /home/brains/Desktop/articubot_one/install/serial_motor_demo_msgs/share/serial_motor_demo_msgs/cmake/serial_motor_demo_msgs__rosidl_typesupport_introspection_cExport.cmake
[1.491s] -- Up-to-date: /home/brains/Desktop/articubot_one/install/serial_motor_demo_msgs/share/serial_motor_demo_msgs/cmake/serial_motor_demo_msgs__rosidl_typesupport_introspection_cExport-noconfig.cmake
[1.491s] -- Up-to-date: /home/brains/Desktop/articubot_one/install/serial_motor_demo_msgs/share/serial_motor_demo_msgs/cmake/serial_motor_demo_msgs__rosidl_typesupport_cExport.cmake
[1.491s] -- Up-to-date: /home/brains/Desktop/articubot_one/install/serial_motor_demo_msgs/share/serial_motor_demo_msgs/cmake/serial_motor_demo_msgs__rosidl_typesupport_cExport-noconfig.cmake
[1.491s] -- Up-to-date: /home/brains/Desktop/articubot_one/install/serial_motor_demo_msgs/share/serial_motor_demo_msgs/cmake/export_serial_motor_demo_msgs__rosidl_generator_cppExport.cmake
[1.492s] -- Up-to-date: /home/brains/Desktop/articubot_one/install/serial_motor_demo_msgs/share/serial_motor_demo_msgs/cmake/export_serial_motor_demo_msgs__rosidl_typesupport_fastrtps_cppExport.cmake
[1.492s] -- Up-to-date: /home/brains/Desktop/articubot_one/install/serial_motor_demo_msgs/share/serial_motor_demo_msgs/cmake/export_serial_motor_demo_msgs__rosidl_typesupport_fastrtps_cppExport-noconfig.cmake
[1.492s] -- Up-to-date: /home/brains/Desktop/articubot_one/install/serial_motor_demo_msgs/share/serial_motor_demo_msgs/cmake/serial_motor_demo_msgs__rosidl_typesupport_introspection_cppExport.cmake
[1.492s] -- Up-to-date: /home/brains/Desktop/articubot_one/install/serial_motor_demo_msgs/share/serial_motor_demo_msgs/cmake/serial_motor_demo_msgs__rosidl_typesupport_introspection_cppExport-noconfig.cmake
[1.492s] -- Up-to-date: /home/brains/Desktop/articubot_one/install/serial_motor_demo_msgs/share/serial_motor_demo_msgs/cmake/serial_motor_demo_msgs__rosidl_typesupport_cppExport.cmake
[1.492s] -- Up-to-date: /home/brains/Desktop/articubot_one/install/serial_motor_demo_msgs/share/serial_motor_demo_msgs/cmake/serial_motor_demo_msgs__rosidl_typesupport_cppExport-noconfig.cmake
[1.493s] -- Up-to-date: /home/brains/Desktop/articubot_one/install/serial_motor_demo_msgs/share/serial_motor_demo_msgs/cmake/export_serial_motor_demo_msgs__rosidl_generator_pyExport.cmake
[1.493s] -- Up-to-date: /home/brains/Desktop/articubot_one/install/serial_motor_demo_msgs/share/serial_motor_demo_msgs/cmake/export_serial_motor_demo_msgs__rosidl_generator_pyExport-noconfig.cmake
[1.493s] -- Up-to-date: /home/brains/Desktop/articubot_one/install/serial_motor_demo_msgs/share/serial_motor_demo_msgs/cmake/rosidl_cmake-extras.cmake
[1.493s] -- Up-to-date: /home/brains/Desktop/articubot_one/install/serial_motor_demo_msgs/share/serial_motor_demo_msgs/cmake/ament_cmake_export_include_directories-extras.cmake
[1.493s] -- Up-to-date: /home/brains/Desktop/articubot_one/install/serial_motor_demo_msgs/share/serial_motor_demo_msgs/cmake/ament_cmake_export_libraries-extras.cmake
[1.493s] -- Up-to-date: /home/brains/Desktop/articubot_one/install/serial_motor_demo_msgs/share/serial_motor_demo_msgs/cmake/ament_cmake_export_targets-extras.cmake
[1.493s] -- Up-to-date: /home/brains/Desktop/articubot_one/install/serial_motor_demo_msgs/share/serial_motor_demo_msgs/cmake/rosidl_cmake_export_typesupport_targets-extras.cmake
[1.493s] -- Up-to-date: /home/brains/Desktop/articubot_one/install/serial_motor_demo_msgs/share/serial_motor_demo_msgs/cmake/ament_cmake_export_dependencies-extras.cmake
[1.494s] -- Up-to-date: /home/brains/Desktop/articubot_one/install/serial_motor_demo_msgs/share/serial_motor_demo_msgs/cmake/rosidl_cmake_export_typesupport_libraries-extras.cmake
[1.494s] -- Up-to-date: /home/brains/Desktop/articubot_one/install/serial_motor_demo_msgs/share/serial_motor_demo_msgs/cmake/serial_motor_demo_msgsConfig.cmake
[1.494s] -- Up-to-date: /home/brains/Desktop/articubot_one/install/serial_motor_demo_msgs/share/serial_motor_demo_msgs/cmake/serial_motor_demo_msgsConfig-version.cmake
[1.494s] -- Up-to-date: /home/brains/Desktop/articubot_one/install/serial_motor_demo_msgs/share/serial_motor_demo_msgs/package.xml
[1.498s] Invoked command in '/home/brains/Desktop/articubot_one/build/serial_motor_demo_msgs' returned '0': CMAKE_PREFIX_PATH=${CMAKE_PREFIX_PATH}:/opt/ros/jazzy /usr/bin/cmake --install /home/brains/Desktop/articubot_one/build/serial_motor_demo_msgs
